<?xml version="1.0" encoding="UTF-8"?>
<testng-results skipped="0" failed="0" total="23" passed="23">
  <reporter-output>
  </reporter-output>
  <suite name="Command line suite" duration-ms="7306" started-at="2014-09-27T21:20:54Z" finished-at="2014-09-27T21:21:02Z">
    <groups>
    </groups>
    <test name="Command line test" duration-ms="7306" started-at="2014-09-27T21:20:54Z" finished-at="2014-09-27T21:21:02Z">
      <class name="com.triage.sqlgoat.tests.TestBasicSelectors">
        <test-method status="PASS" signature="setUpMethod()[pri:0, instance:com.triage.sqlgoat.tests.TestBasicSelectors@64d40911]" name="setUpMethod" is-config="true" duration-ms="117" started-at="2014-09-27T17:20:58Z" finished-at="2014-09-27T17:20:59Z">
          <reporter-output>
          </reporter-output>
        </test-method> <!-- setUpMethod -->
        <test-method status="PASS" signature="testBasicDynamicWithInjection()[pri:0, instance:com.triage.sqlgoat.tests.TestBasicSelectors@64d40911]" name="testBasicDynamicWithInjection" duration-ms="2" started-at="2014-09-27T17:20:59Z" finished-at="2014-09-27T17:20:59Z">
          <reporter-output>
          </reporter-output>
        </test-method> <!-- testBasicDynamicWithInjection -->
        <test-method status="PASS" signature="setUpMethod()[pri:0, instance:com.triage.sqlgoat.tests.TestBasicSelectors@64d40911]" name="setUpMethod" is-config="true" duration-ms="94" started-at="2014-09-27T17:20:59Z" finished-at="2014-09-27T17:20:59Z">
          <reporter-output>
          </reporter-output>
        </test-method> <!-- setUpMethod -->
        <test-method status="PASS" signature="testBasicDynamicWithOutInjection()[pri:0, instance:com.triage.sqlgoat.tests.TestBasicSelectors@64d40911]" name="testBasicDynamicWithOutInjection" duration-ms="1" started-at="2014-09-27T17:20:59Z" finished-at="2014-09-27T17:20:59Z">
          <reporter-output>
          </reporter-output>
        </test-method> <!-- testBasicDynamicWithOutInjection -->
        <test-method status="PASS" signature="setUpMethod()[pri:0, instance:com.triage.sqlgoat.tests.TestBasicSelectors@64d40911]" name="setUpMethod" is-config="true" duration-ms="91" started-at="2014-09-27T17:20:59Z" finished-at="2014-09-27T17:20:59Z">
          <reporter-output>
          </reporter-output>
        </test-method> <!-- setUpMethod -->
        <test-method status="PASS" signature="testBasicPreparedWithInjection()[pri:0, instance:com.triage.sqlgoat.tests.TestBasicSelectors@64d40911]" name="testBasicPreparedWithInjection" duration-ms="11" started-at="2014-09-27T17:20:59Z" finished-at="2014-09-27T17:20:59Z">
          <exception class="java.lang.RuntimeException">
            <message>
              <![CDATA[java.sql.SQLException: data exception: invalid character value for cast Query: select * from users where id = ? Parameters: [1 OR 3=3]]]>
            </message>
            <full-stacktrace>
              <![CDATA[java.lang.RuntimeException: java.sql.SQLException: data exception: invalid character value for cast Query: select * from users where id = ? Parameters: [1 OR 3=3]
	at com.triage.sqlgoat.database.BasicPrepared.listUsers(BasicPrepared.java:26)
	at com.triage.sqlgoat.tests.TestBasicSelectors.verifyUserCount(TestBasicSelectors.java:28)
	at com.triage.sqlgoat.tests.TestBasicSelectors.testBasicPreparedWithInjection(TestBasicSelectors.java:40)
	at sun.reflect.NativeMethodAccessorImpl.invoke0(Native Method)
	at sun.reflect.NativeMethodAccessorImpl.invoke(NativeMethodAccessorImpl.java:57)
	at sun.reflect.DelegatingMethodAccessorImpl.invoke(DelegatingMethodAccessorImpl.java:43)
	at java.lang.reflect.Method.invoke(Method.java:606)
	at org.testng.internal.MethodInvocationHelper.invokeMethod(MethodInvocationHelper.java:84)
	at org.testng.internal.MethodInvocationHelper$1.runTestMethod(MethodInvocationHelper.java:200)
	at org.jboss.byteman.contrib.bmunit.BMNGAbstractRunner.run(BMNGAbstractRunner.java:56)
	at sun.reflect.NativeMethodAccessorImpl.invoke0(Native Method)
	at sun.reflect.NativeMethodAccessorImpl.invoke(NativeMethodAccessorImpl.java:57)
	at sun.reflect.DelegatingMethodAccessorImpl.invoke(DelegatingMethodAccessorImpl.java:43)
	at java.lang.reflect.Method.invoke(Method.java:606)
	at org.testng.internal.MethodInvocationHelper.invokeHookable(MethodInvocationHelper.java:212)
	at org.testng.internal.Invoker.invokeMethod(Invoker.java:707)
	at org.testng.internal.Invoker.invokeTestMethod(Invoker.java:901)
	at org.testng.internal.Invoker.invokeTestMethods(Invoker.java:1231)
	at org.testng.internal.TestMethodWorker.invokeTestMethods(TestMethodWorker.java:127)
	at org.testng.internal.TestMethodWorker.run(TestMethodWorker.java:111)
	at org.testng.TestRunner.privateRun(TestRunner.java:767)
	at org.testng.TestRunner.run(TestRunner.java:617)
	at org.testng.SuiteRunner.runTest(SuiteRunner.java:334)
	at org.testng.SuiteRunner.runSequentially(SuiteRunner.java:329)
	at org.testng.SuiteRunner.privateRun(SuiteRunner.java:291)
	at org.testng.SuiteRunner.run(SuiteRunner.java:240)
	at org.testng.SuiteRunnerWorker.runSuite(SuiteRunnerWorker.java:52)
	at org.testng.SuiteRunnerWorker.run(SuiteRunnerWorker.java:86)
	at org.testng.TestNG.runSuitesSequentially(TestNG.java:1224)
	at org.testng.TestNG.runSuitesLocally(TestNG.java:1149)
	at org.testng.TestNG.run(TestNG.java:1057)
	at org.apache.maven.surefire.testng.TestNGExecutor.run(TestNGExecutor.java:62)
	at org.apache.maven.surefire.testng.TestNGDirectoryTestSuite.execute(TestNGDirectoryTestSuite.java:141)
	at org.apache.maven.surefire.Surefire.run(Surefire.java:177)
	at sun.reflect.NativeMethodAccessorImpl.invoke0(Native Method)
	at sun.reflect.NativeMethodAccessorImpl.invoke(NativeMethodAccessorImpl.java:57)
	at sun.reflect.DelegatingMethodAccessorImpl.invoke(DelegatingMethodAccessorImpl.java:43)
	at java.lang.reflect.Method.invoke(Method.java:606)
	at org.apache.maven.surefire.booter.SurefireBooter.runSuitesInProcess(SurefireBooter.java:345)
	at org.apache.maven.surefire.booter.SurefireBooter.main(SurefireBooter.java:1009)
Caused by: java.sql.SQLException: data exception: invalid character value for cast Query: select * from users where id = ? Parameters: [1 OR 3=3]
	at org.apache.commons.dbutils.AbstractQueryRunner.rethrow(AbstractQueryRunner.java:392)
	at org.apache.commons.dbutils.QueryRunner.query(QueryRunner.java:351)
	at org.apache.commons.dbutils.QueryRunner.query(QueryRunner.java:247)
	at com.triage.sqlgoat.database.BasicPrepared.listUsers(BasicPrepared.java:24)
	... 39 more
]]>
            </full-stacktrace>
          </exception> <!-- java.lang.RuntimeException -->
          <reporter-output>
          </reporter-output>
        </test-method> <!-- testBasicPreparedWithInjection -->
        <test-method status="PASS" signature="setUpMethod()[pri:0, instance:com.triage.sqlgoat.tests.TestBasicSelectors@64d40911]" name="setUpMethod" is-config="true" duration-ms="112" started-at="2014-09-27T17:20:59Z" finished-at="2014-09-27T17:20:59Z">
          <reporter-output>
          </reporter-output>
        </test-method> <!-- setUpMethod -->
        <test-method status="PASS" signature="testBasicPreparedWithOutInjection()[pri:0, instance:com.triage.sqlgoat.tests.TestBasicSelectors@64d40911]" name="testBasicPreparedWithOutInjection" duration-ms="1" started-at="2014-09-27T17:20:59Z" finished-at="2014-09-27T17:20:59Z">
          <reporter-output>
          </reporter-output>
        </test-method> <!-- testBasicPreparedWithOutInjection -->
      </class> <!-- com.triage.sqlgoat.tests.TestBasicSelectors -->
      <class name="com.triage.sqlgoat.tests.SimpleSqlInjectionTest">
        <test-method status="PASS" signature="setUpMethod()[pri:0, instance:com.triage.sqlgoat.tests.SimpleSqlInjectionTest@2723a510]" name="setUpMethod" is-config="true" duration-ms="64" started-at="2014-09-27T17:20:55Z" finished-at="2014-09-27T17:20:56Z">
          <reporter-output>
          </reporter-output>
        </test-method> <!-- setUpMethod -->
        <test-method status="PASS" signature="testBadDynamicSql()[pri:0, instance:com.triage.sqlgoat.tests.SimpleSqlInjectionTest@2723a510]" name="testBadDynamicSql" duration-ms="782" started-at="2014-09-27T17:20:56Z" finished-at="2014-09-27T17:20:56Z">
          <exception class="com.triage.rulehelpers.DynamicSqlException">
            <message>
              <![CDATA[Suspected Dynamic Sql: site='select * from users where id = 1 OR 3=3',sql='Stack trace for thread main
org.hsqldb.jdbc.JDBCConnection.prepareStatement (Unknown Source)
org.apache.commons.dbutils.AbstractQueryRunner.prepareStatement(AbstractQueryRunner.java:154)
org.apache.commons.dbutils.QueryRunner.query(QueryRunner.java:345)
org.apache.commons.dbutils.QueryRunner.query(QueryRunner.java:307)
com.triage.sqlgoat.database.BasicDynamic.listUsers(BasicDynamic.java:27)
com.triage.sqlgoat.tests.SimpleSqlInjectionTest.listUsersForParameters(SimpleSqlInjectionTest.java:40)
com.triage.sqlgoat.tests.SimpleSqlInjectionTest.testBadDynamicSql(SimpleSqlInjectionTest.java:52)
sun.reflect.NativeMethodAccessorImpl.invoke0(NativeMethodAccessorImpl.java:-2)
sun.reflect.NativeMethodAccessorImpl.invoke(NativeMethodAccessorImpl.java:57)
sun.reflect.DelegatingMethodAccessorImpl.invoke(DelegatingMethodAccessorImpl.java:43)
java.lang.reflect.Method.invoke(Method.java:606)
org.testng.internal.MethodInvocationHelper.invokeMethod(MethodInvocationHelper.java:84)
org.testng.internal.MethodInvocationHelper$1.runTestMethod(MethodInvocationHelper.java:200)
org.jboss.byteman.contrib.bmunit.BMNGAbstractRunner.run(BMNGAbstractRunner.java:56)
sun.reflect.NativeMethodAccessorImpl.invoke0(NativeMethodAccessorImpl.java:-2)
sun.reflect.NativeMethodAccessorImpl.invoke(NativeMethodAccessorImpl.java:57)
sun.reflect.DelegatingMethodAccessorImpl.invoke(DelegatingMethodAccessorImpl.java:43)
java.lang.reflect.Method.invoke(Method.java:606)
org.testng.internal.MethodInvocationHelper.invokeHookable(MethodInvocationHelper.java:212)
org.testng.internal.Invoker.invokeMethod(Invoker.java:707)
org.testng.internal.Invoker.invokeTestMethod(Invoker.java:901)
org.testng.internal.Invoker.invokeTestMethods(Invoker.java:1231)
org.testng.internal.TestMethodWorker.invokeTestMethods(TestMethodWorker.java:127)
org.testng.internal.TestMethodWorker.run(TestMethodWorker.java:111)
org.testng.TestRunner.privateRun(TestRunner.java:767)
org.testng.TestRunner.run(TestRunner.java:617)
org.testng.SuiteRunner.runTest(SuiteRunner.java:334)
org.testng.SuiteRunner.runSequentially(SuiteRunner.java:329)
org.testng.SuiteRunner.privateRun(SuiteRunner.java:291)
org.testng.SuiteRunner.run(SuiteRunner.java:240)
org.testng.SuiteRunnerWorker.runSuite(SuiteRunnerWorker.java:52)
org.testng.SuiteRunnerWorker.run(SuiteRunnerWorker.java:86)
org.testng.TestNG.runSuitesSequentially(TestNG.java:1224)
org.testng.TestNG.runSuitesLocally(TestNG.java:1149)
org.testng.TestNG.run(TestNG.java:1057)
org.apache.maven.surefire.testng.TestNGExecutor.run(TestNGExecutor.java:62)
org.apache.maven.surefire.testng.TestNGDirectoryTestSuite.execute(TestNGDirectoryTestSuite.java:141)
org.apache.maven.surefire.Surefire.run(Surefire.java:177)
sun.reflect.NativeMethodAccessorImpl.invoke0(NativeMethodAccessorImpl.java:-2)
sun.reflect.NativeMethodAccessorImpl.invoke(NativeMethodAccessorImpl.java:57)
sun.reflect.DelegatingMethodAccessorImpl.invoke(DelegatingMethodAccessorImpl.java:43)
java.lang.reflect.Method.invoke(Method.java:606)
org.apache.maven.surefire.booter.SurefireBooter.runSuitesInProcess(SurefireBooter.java:345)
org.apache.maven.surefire.booter.SurefireBooter.main(SurefireBooter.java:1009)
']]>
            </message>
            <full-stacktrace>
              <![CDATA[com.triage.rulehelpers.DynamicSqlException: Suspected Dynamic Sql: site='select * from users where id = 1 OR 3=3',sql='Stack trace for thread main
org.hsqldb.jdbc.JDBCConnection.prepareStatement (Unknown Source)
org.apache.commons.dbutils.AbstractQueryRunner.prepareStatement(AbstractQueryRunner.java:154)
org.apache.commons.dbutils.QueryRunner.query(QueryRunner.java:345)
org.apache.commons.dbutils.QueryRunner.query(QueryRunner.java:307)
com.triage.sqlgoat.database.BasicDynamic.listUsers(BasicDynamic.java:27)
com.triage.sqlgoat.tests.SimpleSqlInjectionTest.listUsersForParameters(SimpleSqlInjectionTest.java:40)
com.triage.sqlgoat.tests.SimpleSqlInjectionTest.testBadDynamicSql(SimpleSqlInjectionTest.java:52)
sun.reflect.NativeMethodAccessorImpl.invoke0(NativeMethodAccessorImpl.java:-2)
sun.reflect.NativeMethodAccessorImpl.invoke(NativeMethodAccessorImpl.java:57)
sun.reflect.DelegatingMethodAccessorImpl.invoke(DelegatingMethodAccessorImpl.java:43)
java.lang.reflect.Method.invoke(Method.java:606)
org.testng.internal.MethodInvocationHelper.invokeMethod(MethodInvocationHelper.java:84)
org.testng.internal.MethodInvocationHelper$1.runTestMethod(MethodInvocationHelper.java:200)
org.jboss.byteman.contrib.bmunit.BMNGAbstractRunner.run(BMNGAbstractRunner.java:56)
sun.reflect.NativeMethodAccessorImpl.invoke0(NativeMethodAccessorImpl.java:-2)
sun.reflect.NativeMethodAccessorImpl.invoke(NativeMethodAccessorImpl.java:57)
sun.reflect.DelegatingMethodAccessorImpl.invoke(DelegatingMethodAccessorImpl.java:43)
java.lang.reflect.Method.invoke(Method.java:606)
org.testng.internal.MethodInvocationHelper.invokeHookable(MethodInvocationHelper.java:212)
org.testng.internal.Invoker.invokeMethod(Invoker.java:707)
org.testng.internal.Invoker.invokeTestMethod(Invoker.java:901)
org.testng.internal.Invoker.invokeTestMethods(Invoker.java:1231)
org.testng.internal.TestMethodWorker.invokeTestMethods(TestMethodWorker.java:127)
org.testng.internal.TestMethodWorker.run(TestMethodWorker.java:111)
org.testng.TestRunner.privateRun(TestRunner.java:767)
org.testng.TestRunner.run(TestRunner.java:617)
org.testng.SuiteRunner.runTest(SuiteRunner.java:334)
org.testng.SuiteRunner.runSequentially(SuiteRunner.java:329)
org.testng.SuiteRunner.privateRun(SuiteRunner.java:291)
org.testng.SuiteRunner.run(SuiteRunner.java:240)
org.testng.SuiteRunnerWorker.runSuite(SuiteRunnerWorker.java:52)
org.testng.SuiteRunnerWorker.run(SuiteRunnerWorker.java:86)
org.testng.TestNG.runSuitesSequentially(TestNG.java:1224)
org.testng.TestNG.runSuitesLocally(TestNG.java:1149)
org.testng.TestNG.run(TestNG.java:1057)
org.apache.maven.surefire.testng.TestNGExecutor.run(TestNGExecutor.java:62)
org.apache.maven.surefire.testng.TestNGDirectoryTestSuite.execute(TestNGDirectoryTestSuite.java:141)
org.apache.maven.surefire.Surefire.run(Surefire.java:177)
sun.reflect.NativeMethodAccessorImpl.invoke0(NativeMethodAccessorImpl.java:-2)
sun.reflect.NativeMethodAccessorImpl.invoke(NativeMethodAccessorImpl.java:57)
sun.reflect.DelegatingMethodAccessorImpl.invoke(DelegatingMethodAccessorImpl.java:43)
java.lang.reflect.Method.invoke(Method.java:606)
org.apache.maven.surefire.booter.SurefireBooter.runSuitesInProcess(SurefireBooter.java:345)
org.apache.maven.surefire.booter.SurefireBooter.main(SurefireBooter.java:1009)
'
	at com.triage.injection.SqlTracker.checkSql(SqlTracker.java:55)
	at com.triage.rulehelpers.TraceMatchingHelper.testSql(TraceMatchingHelper.java:28)
	at sun.reflect.NativeMethodAccessorImpl.invoke0(Native Method)
	at sun.reflect.NativeMethodAccessorImpl.invoke(NativeMethodAccessorImpl.java:57)
	at sun.reflect.DelegatingMethodAccessorImpl.invoke(DelegatingMethodAccessorImpl.java:43)
	at java.lang.reflect.Method.invoke(Method.java:606)
	at org.jboss.byteman.rule.expression.MethodExpression.interpret(MethodExpression.java:342)
	at org.jboss.byteman.rule.Action.interpret(Action.java:144)
	at com.triage.rulehelpers.TraceMatchingHelper_HelperAdapter_Interpreted_1.fire(injectionDetector.btm)
	at com.triage.rulehelpers.TraceMatchingHelper_HelperAdapter_Interpreted_1.execute0(injectionDetector.btm)
	at com.triage.rulehelpers.TraceMatchingHelper_HelperAdapter_Interpreted_1.execute(injectionDetector.btm)
	at org.jboss.byteman.rule.Rule.execute(Rule.java:684)
	at org.jboss.byteman.rule.Rule.execute(Rule.java:653)
	at org.hsqldb.jdbc.JDBCConnection.prepareStatement(Unknown Source)
	at org.apache.commons.dbutils.AbstractQueryRunner.prepareStatement(AbstractQueryRunner.java:154)
	at org.apache.commons.dbutils.QueryRunner.query(QueryRunner.java:345)
	at org.apache.commons.dbutils.QueryRunner.query(QueryRunner.java:307)
	at com.triage.sqlgoat.database.BasicDynamic.listUsers(BasicDynamic.java:27)
	at com.triage.sqlgoat.tests.SimpleSqlInjectionTest.listUsersForParameters(SimpleSqlInjectionTest.java:40)
	at com.triage.sqlgoat.tests.SimpleSqlInjectionTest.testBadDynamicSql(SimpleSqlInjectionTest.java:52)
	at sun.reflect.NativeMethodAccessorImpl.invoke0(Native Method)
	at sun.reflect.NativeMethodAccessorImpl.invoke(NativeMethodAccessorImpl.java:57)
	at sun.reflect.DelegatingMethodAccessorImpl.invoke(DelegatingMethodAccessorImpl.java:43)
	at java.lang.reflect.Method.invoke(Method.java:606)
	at org.testng.internal.MethodInvocationHelper.invokeMethod(MethodInvocationHelper.java:84)
	at org.testng.internal.MethodInvocationHelper$1.runTestMethod(MethodInvocationHelper.java:200)
	at org.jboss.byteman.contrib.bmunit.BMNGAbstractRunner.run(BMNGAbstractRunner.java:56)
	at sun.reflect.NativeMethodAccessorImpl.invoke0(Native Method)
	at sun.reflect.NativeMethodAccessorImpl.invoke(NativeMethodAccessorImpl.java:57)
	at sun.reflect.DelegatingMethodAccessorImpl.invoke(DelegatingMethodAccessorImpl.java:43)
	at java.lang.reflect.Method.invoke(Method.java:606)
	at org.testng.internal.MethodInvocationHelper.invokeHookable(MethodInvocationHelper.java:212)
	at org.testng.internal.Invoker.invokeMethod(Invoker.java:707)
	at org.testng.internal.Invoker.invokeTestMethod(Invoker.java:901)
	at org.testng.internal.Invoker.invokeTestMethods(Invoker.java:1231)
	at org.testng.internal.TestMethodWorker.invokeTestMethods(TestMethodWorker.java:127)
	at org.testng.internal.TestMethodWorker.run(TestMethodWorker.java:111)
	at org.testng.TestRunner.privateRun(TestRunner.java:767)
	at org.testng.TestRunner.run(TestRunner.java:617)
	at org.testng.SuiteRunner.runTest(SuiteRunner.java:334)
	at org.testng.SuiteRunner.runSequentially(SuiteRunner.java:329)
	at org.testng.SuiteRunner.privateRun(SuiteRunner.java:291)
	at org.testng.SuiteRunner.run(SuiteRunner.java:240)
	at org.testng.SuiteRunnerWorker.runSuite(SuiteRunnerWorker.java:52)
	at org.testng.SuiteRunnerWorker.run(SuiteRunnerWorker.java:86)
	at org.testng.TestNG.runSuitesSequentially(TestNG.java:1224)
	at org.testng.TestNG.runSuitesLocally(TestNG.java:1149)
	at org.testng.TestNG.run(TestNG.java:1057)
	at org.apache.maven.surefire.testng.TestNGExecutor.run(TestNGExecutor.java:62)
	at org.apache.maven.surefire.testng.TestNGDirectoryTestSuite.execute(TestNGDirectoryTestSuite.java:141)
	at org.apache.maven.surefire.Surefire.run(Surefire.java:177)
	at sun.reflect.NativeMethodAccessorImpl.invoke0(Native Method)
	at sun.reflect.NativeMethodAccessorImpl.invoke(NativeMethodAccessorImpl.java:57)
	at sun.reflect.DelegatingMethodAccessorImpl.invoke(DelegatingMethodAccessorImpl.java:43)
	at java.lang.reflect.Method.invoke(Method.java:606)
	at org.apache.maven.surefire.booter.SurefireBooter.runSuitesInProcess(SurefireBooter.java:345)
	at org.apache.maven.surefire.booter.SurefireBooter.main(SurefireBooter.java:1009)
]]>
            </full-stacktrace>
          </exception> <!-- com.triage.rulehelpers.DynamicSqlException -->
          <reporter-output>
          </reporter-output>
        </test-method> <!-- testBadDynamicSql -->
        <test-method status="PASS" signature="setUpMethod()[pri:0, instance:com.triage.sqlgoat.tests.SimpleSqlInjectionTest@2723a510]" name="setUpMethod" is-config="true" duration-ms="280" started-at="2014-09-27T17:20:56Z" finished-at="2014-09-27T17:20:57Z">
          <reporter-output>
          </reporter-output>
        </test-method> <!-- setUpMethod -->
        <test-method status="PASS" signature="testBadPreparedStatements()[pri:0, instance:com.triage.sqlgoat.tests.SimpleSqlInjectionTest@2723a510]" name="testBadPreparedStatements" duration-ms="315" started-at="2014-09-27T17:20:57Z" finished-at="2014-09-27T17:20:57Z">
          <exception class="java.lang.RuntimeException">
            <message>
              <![CDATA[java.sql.SQLException: data exception: invalid character value for cast Query: select * from users where id = ? Parameters: [1 OR 3=3]]]>
            </message>
            <full-stacktrace>
              <![CDATA[java.lang.RuntimeException: java.sql.SQLException: data exception: invalid character value for cast Query: select * from users where id = ? Parameters: [1 OR 3=3]
	at com.triage.sqlgoat.database.BasicPrepared.listUsers(BasicPrepared.java:26)
	at com.triage.sqlgoat.tests.SimpleSqlInjectionTest.listUsersForParameters(SimpleSqlInjectionTest.java:40)
	at com.triage.sqlgoat.tests.SimpleSqlInjectionTest.testBadPreparedStatements(SimpleSqlInjectionTest.java:81)
	at sun.reflect.NativeMethodAccessorImpl.invoke0(Native Method)
	at sun.reflect.NativeMethodAccessorImpl.invoke(NativeMethodAccessorImpl.java:57)
	at sun.reflect.DelegatingMethodAccessorImpl.invoke(DelegatingMethodAccessorImpl.java:43)
	at java.lang.reflect.Method.invoke(Method.java:606)
	at org.testng.internal.MethodInvocationHelper.invokeMethod(MethodInvocationHelper.java:84)
	at org.testng.internal.MethodInvocationHelper$1.runTestMethod(MethodInvocationHelper.java:200)
	at org.jboss.byteman.contrib.bmunit.BMNGAbstractRunner.run(BMNGAbstractRunner.java:56)
	at sun.reflect.NativeMethodAccessorImpl.invoke0(Native Method)
	at sun.reflect.NativeMethodAccessorImpl.invoke(NativeMethodAccessorImpl.java:57)
	at sun.reflect.DelegatingMethodAccessorImpl.invoke(DelegatingMethodAccessorImpl.java:43)
	at java.lang.reflect.Method.invoke(Method.java:606)
	at org.testng.internal.MethodInvocationHelper.invokeHookable(MethodInvocationHelper.java:212)
	at org.testng.internal.Invoker.invokeMethod(Invoker.java:707)
	at org.testng.internal.Invoker.invokeTestMethod(Invoker.java:901)
	at org.testng.internal.Invoker.invokeTestMethods(Invoker.java:1231)
	at org.testng.internal.TestMethodWorker.invokeTestMethods(TestMethodWorker.java:127)
	at org.testng.internal.TestMethodWorker.run(TestMethodWorker.java:111)
	at org.testng.TestRunner.privateRun(TestRunner.java:767)
	at org.testng.TestRunner.run(TestRunner.java:617)
	at org.testng.SuiteRunner.runTest(SuiteRunner.java:334)
	at org.testng.SuiteRunner.runSequentially(SuiteRunner.java:329)
	at org.testng.SuiteRunner.privateRun(SuiteRunner.java:291)
	at org.testng.SuiteRunner.run(SuiteRunner.java:240)
	at org.testng.SuiteRunnerWorker.runSuite(SuiteRunnerWorker.java:52)
	at org.testng.SuiteRunnerWorker.run(SuiteRunnerWorker.java:86)
	at org.testng.TestNG.runSuitesSequentially(TestNG.java:1224)
	at org.testng.TestNG.runSuitesLocally(TestNG.java:1149)
	at org.testng.TestNG.run(TestNG.java:1057)
	at org.apache.maven.surefire.testng.TestNGExecutor.run(TestNGExecutor.java:62)
	at org.apache.maven.surefire.testng.TestNGDirectoryTestSuite.execute(TestNGDirectoryTestSuite.java:141)
	at org.apache.maven.surefire.Surefire.run(Surefire.java:177)
	at sun.reflect.NativeMethodAccessorImpl.invoke0(Native Method)
	at sun.reflect.NativeMethodAccessorImpl.invoke(NativeMethodAccessorImpl.java:57)
	at sun.reflect.DelegatingMethodAccessorImpl.invoke(DelegatingMethodAccessorImpl.java:43)
	at java.lang.reflect.Method.invoke(Method.java:606)
	at org.apache.maven.surefire.booter.SurefireBooter.runSuitesInProcess(SurefireBooter.java:345)
	at org.apache.maven.surefire.booter.SurefireBooter.main(SurefireBooter.java:1009)
Caused by: java.sql.SQLException: data exception: invalid character value for cast Query: select * from users where id = ? Parameters: [1 OR 3=3]
	at org.apache.commons.dbutils.AbstractQueryRunner.rethrow(AbstractQueryRunner.java:392)
	at org.apache.commons.dbutils.QueryRunner.query(QueryRunner.java:351)
	at org.apache.commons.dbutils.QueryRunner.query(QueryRunner.java:247)
	at com.triage.sqlgoat.database.BasicPrepared.listUsers(BasicPrepared.java:24)
	... 39 more
]]>
            </full-stacktrace>
          </exception> <!-- java.lang.RuntimeException -->
          <reporter-output>
          </reporter-output>
        </test-method> <!-- testBadPreparedStatements -->
        <test-method status="PASS" signature="setUpMethod()[pri:0, instance:com.triage.sqlgoat.tests.SimpleSqlInjectionTest@2723a510]" name="setUpMethod" is-config="true" duration-ms="166" started-at="2014-09-27T17:20:57Z" finished-at="2014-09-27T17:20:57Z">
          <reporter-output>
          </reporter-output>
        </test-method> <!-- setUpMethod -->
        <test-method status="PASS" signature="testNormalDynamicSqlInvalid()[pri:0, instance:com.triage.sqlgoat.tests.SimpleSqlInjectionTest@2723a510]" name="testNormalDynamicSqlInvalid" duration-ms="440" started-at="2014-09-27T17:20:57Z" finished-at="2014-09-27T17:20:58Z">
          <exception class="com.triage.rulehelpers.ProbableSqlInjectionException">
            <message>
              <![CDATA[Suspected Dynamic Sql: site='select * from users where id = 1 OR 3=3',sql='Stack trace for thread main
org.hsqldb.jdbc.JDBCConnection.prepareStatement (Unknown Source)
org.apache.commons.dbutils.AbstractQueryRunner.prepareStatement(AbstractQueryRunner.java:154)
org.apache.commons.dbutils.QueryRunner.query(QueryRunner.java:345)
org.apache.commons.dbutils.QueryRunner.query(QueryRunner.java:307)
com.triage.sqlgoat.database.BasicDynamic.listUsers(BasicDynamic.java:27)
com.triage.sqlgoat.tests.SimpleSqlInjectionTest.listUsersForParameters(SimpleSqlInjectionTest.java:40)
com.triage.sqlgoat.tests.SimpleSqlInjectionTest.testNormalDynamicSqlInvalid(SimpleSqlInjectionTest.java:67)
sun.reflect.NativeMethodAccessorImpl.invoke0(NativeMethodAccessorImpl.java:-2)
sun.reflect.NativeMethodAccessorImpl.invoke(NativeMethodAccessorImpl.java:57)
sun.reflect.DelegatingMethodAccessorImpl.invoke(DelegatingMethodAccessorImpl.java:43)
java.lang.reflect.Method.invoke(Method.java:606)
org.testng.internal.MethodInvocationHelper.invokeMethod(MethodInvocationHelper.java:84)
org.testng.internal.MethodInvocationHelper$1.runTestMethod(MethodInvocationHelper.java:200)
org.jboss.byteman.contrib.bmunit.BMNGAbstractRunner.run(BMNGAbstractRunner.java:56)
sun.reflect.NativeMethodAccessorImpl.invoke0(NativeMethodAccessorImpl.java:-2)
sun.reflect.NativeMethodAccessorImpl.invoke(NativeMethodAccessorImpl.java:57)
sun.reflect.DelegatingMethodAccessorImpl.invoke(DelegatingMethodAccessorImpl.java:43)
java.lang.reflect.Method.invoke(Method.java:606)
org.testng.internal.MethodInvocationHelper.invokeHookable(MethodInvocationHelper.java:212)
org.testng.internal.Invoker.invokeMethod(Invoker.java:707)
org.testng.internal.Invoker.invokeTestMethod(Invoker.java:901)
org.testng.internal.Invoker.invokeTestMethods(Invoker.java:1231)
org.testng.internal.TestMethodWorker.invokeTestMethods(TestMethodWorker.java:127)
org.testng.internal.TestMethodWorker.run(TestMethodWorker.java:111)
org.testng.TestRunner.privateRun(TestRunner.java:767)
org.testng.TestRunner.run(TestRunner.java:617)
org.testng.SuiteRunner.runTest(SuiteRunner.java:334)
org.testng.SuiteRunner.runSequentially(SuiteRunner.java:329)
org.testng.SuiteRunner.privateRun(SuiteRunner.java:291)
org.testng.SuiteRunner.run(SuiteRunner.java:240)
org.testng.SuiteRunnerWorker.runSuite(SuiteRunnerWorker.java:52)
org.testng.SuiteRunnerWorker.run(SuiteRunnerWorker.java:86)
org.testng.TestNG.runSuitesSequentially(TestNG.java:1224)
org.testng.TestNG.runSuitesLocally(TestNG.java:1149)
org.testng.TestNG.run(TestNG.java:1057)
org.apache.maven.surefire.testng.TestNGExecutor.run(TestNGExecutor.java:62)
org.apache.maven.surefire.testng.TestNGDirectoryTestSuite.execute(TestNGDirectoryTestSuite.java:141)
org.apache.maven.surefire.Surefire.run(Surefire.java:177)
sun.reflect.NativeMethodAccessorImpl.invoke0(NativeMethodAccessorImpl.java:-2)
sun.reflect.NativeMethodAccessorImpl.invoke(NativeMethodAccessorImpl.java:57)
sun.reflect.DelegatingMethodAccessorImpl.invoke(DelegatingMethodAccessorImpl.java:43)
java.lang.reflect.Method.invoke(Method.java:606)
org.apache.maven.surefire.booter.SurefireBooter.runSuitesInProcess(SurefireBooter.java:345)
org.apache.maven.surefire.booter.SurefireBooter.main(SurefireBooter.java:1009)
']]>
            </message>
            <full-stacktrace>
              <![CDATA[com.triage.rulehelpers.ProbableSqlInjectionException: Suspected Dynamic Sql: site='select * from users where id = 1 OR 3=3',sql='Stack trace for thread main
org.hsqldb.jdbc.JDBCConnection.prepareStatement (Unknown Source)
org.apache.commons.dbutils.AbstractQueryRunner.prepareStatement(AbstractQueryRunner.java:154)
org.apache.commons.dbutils.QueryRunner.query(QueryRunner.java:345)
org.apache.commons.dbutils.QueryRunner.query(QueryRunner.java:307)
com.triage.sqlgoat.database.BasicDynamic.listUsers(BasicDynamic.java:27)
com.triage.sqlgoat.tests.SimpleSqlInjectionTest.listUsersForParameters(SimpleSqlInjectionTest.java:40)
com.triage.sqlgoat.tests.SimpleSqlInjectionTest.testNormalDynamicSqlInvalid(SimpleSqlInjectionTest.java:67)
sun.reflect.NativeMethodAccessorImpl.invoke0(NativeMethodAccessorImpl.java:-2)
sun.reflect.NativeMethodAccessorImpl.invoke(NativeMethodAccessorImpl.java:57)
sun.reflect.DelegatingMethodAccessorImpl.invoke(DelegatingMethodAccessorImpl.java:43)
java.lang.reflect.Method.invoke(Method.java:606)
org.testng.internal.MethodInvocationHelper.invokeMethod(MethodInvocationHelper.java:84)
org.testng.internal.MethodInvocationHelper$1.runTestMethod(MethodInvocationHelper.java:200)
org.jboss.byteman.contrib.bmunit.BMNGAbstractRunner.run(BMNGAbstractRunner.java:56)
sun.reflect.NativeMethodAccessorImpl.invoke0(NativeMethodAccessorImpl.java:-2)
sun.reflect.NativeMethodAccessorImpl.invoke(NativeMethodAccessorImpl.java:57)
sun.reflect.DelegatingMethodAccessorImpl.invoke(DelegatingMethodAccessorImpl.java:43)
java.lang.reflect.Method.invoke(Method.java:606)
org.testng.internal.MethodInvocationHelper.invokeHookable(MethodInvocationHelper.java:212)
org.testng.internal.Invoker.invokeMethod(Invoker.java:707)
org.testng.internal.Invoker.invokeTestMethod(Invoker.java:901)
org.testng.internal.Invoker.invokeTestMethods(Invoker.java:1231)
org.testng.internal.TestMethodWorker.invokeTestMethods(TestMethodWorker.java:127)
org.testng.internal.TestMethodWorker.run(TestMethodWorker.java:111)
org.testng.TestRunner.privateRun(TestRunner.java:767)
org.testng.TestRunner.run(TestRunner.java:617)
org.testng.SuiteRunner.runTest(SuiteRunner.java:334)
org.testng.SuiteRunner.runSequentially(SuiteRunner.java:329)
org.testng.SuiteRunner.privateRun(SuiteRunner.java:291)
org.testng.SuiteRunner.run(SuiteRunner.java:240)
org.testng.SuiteRunnerWorker.runSuite(SuiteRunnerWorker.java:52)
org.testng.SuiteRunnerWorker.run(SuiteRunnerWorker.java:86)
org.testng.TestNG.runSuitesSequentially(TestNG.java:1224)
org.testng.TestNG.runSuitesLocally(TestNG.java:1149)
org.testng.TestNG.run(TestNG.java:1057)
org.apache.maven.surefire.testng.TestNGExecutor.run(TestNGExecutor.java:62)
org.apache.maven.surefire.testng.TestNGDirectoryTestSuite.execute(TestNGDirectoryTestSuite.java:141)
org.apache.maven.surefire.Surefire.run(Surefire.java:177)
sun.reflect.NativeMethodAccessorImpl.invoke0(NativeMethodAccessorImpl.java:-2)
sun.reflect.NativeMethodAccessorImpl.invoke(NativeMethodAccessorImpl.java:57)
sun.reflect.DelegatingMethodAccessorImpl.invoke(DelegatingMethodAccessorImpl.java:43)
java.lang.reflect.Method.invoke(Method.java:606)
org.apache.maven.surefire.booter.SurefireBooter.runSuitesInProcess(SurefireBooter.java:345)
org.apache.maven.surefire.booter.SurefireBooter.main(SurefireBooter.java:1009)
'
	at com.triage.injection.SqlTracker.checkSql(SqlTracker.java:51)
	at com.triage.rulehelpers.TraceMatchingHelper.testSql(TraceMatchingHelper.java:28)
	at sun.reflect.NativeMethodAccessorImpl.invoke0(Native Method)
	at sun.reflect.NativeMethodAccessorImpl.invoke(NativeMethodAccessorImpl.java:57)
	at sun.reflect.DelegatingMethodAccessorImpl.invoke(DelegatingMethodAccessorImpl.java:43)
	at java.lang.reflect.Method.invoke(Method.java:606)
	at org.jboss.byteman.rule.expression.MethodExpression.interpret(MethodExpression.java:342)
	at org.jboss.byteman.rule.Action.interpret(Action.java:144)
	at com.triage.rulehelpers.TraceMatchingHelper_HelperAdapter_Interpreted_3.fire(injectionDetector.btm)
	at com.triage.rulehelpers.TraceMatchingHelper_HelperAdapter_Interpreted_3.execute0(injectionDetector.btm)
	at com.triage.rulehelpers.TraceMatchingHelper_HelperAdapter_Interpreted_3.execute(injectionDetector.btm)
	at org.jboss.byteman.rule.Rule.execute(Rule.java:684)
	at org.jboss.byteman.rule.Rule.execute(Rule.java:653)
	at org.hsqldb.jdbc.JDBCConnection.prepareStatement(Unknown Source)
	at org.apache.commons.dbutils.AbstractQueryRunner.prepareStatement(AbstractQueryRunner.java:154)
	at org.apache.commons.dbutils.QueryRunner.query(QueryRunner.java:345)
	at org.apache.commons.dbutils.QueryRunner.query(QueryRunner.java:307)
	at com.triage.sqlgoat.database.BasicDynamic.listUsers(BasicDynamic.java:27)
	at com.triage.sqlgoat.tests.SimpleSqlInjectionTest.listUsersForParameters(SimpleSqlInjectionTest.java:40)
	at com.triage.sqlgoat.tests.SimpleSqlInjectionTest.testNormalDynamicSqlInvalid(SimpleSqlInjectionTest.java:67)
	at sun.reflect.NativeMethodAccessorImpl.invoke0(Native Method)
	at sun.reflect.NativeMethodAccessorImpl.invoke(NativeMethodAccessorImpl.java:57)
	at sun.reflect.DelegatingMethodAccessorImpl.invoke(DelegatingMethodAccessorImpl.java:43)
	at java.lang.reflect.Method.invoke(Method.java:606)
	at org.testng.internal.MethodInvocationHelper.invokeMethod(MethodInvocationHelper.java:84)
	at org.testng.internal.MethodInvocationHelper$1.runTestMethod(MethodInvocationHelper.java:200)
	at org.jboss.byteman.contrib.bmunit.BMNGAbstractRunner.run(BMNGAbstractRunner.java:56)
	at sun.reflect.NativeMethodAccessorImpl.invoke0(Native Method)
	at sun.reflect.NativeMethodAccessorImpl.invoke(NativeMethodAccessorImpl.java:57)
	at sun.reflect.DelegatingMethodAccessorImpl.invoke(DelegatingMethodAccessorImpl.java:43)
	at java.lang.reflect.Method.invoke(Method.java:606)
	at org.testng.internal.MethodInvocationHelper.invokeHookable(MethodInvocationHelper.java:212)
	at org.testng.internal.Invoker.invokeMethod(Invoker.java:707)
	at org.testng.internal.Invoker.invokeTestMethod(Invoker.java:901)
	at org.testng.internal.Invoker.invokeTestMethods(Invoker.java:1231)
	at org.testng.internal.TestMethodWorker.invokeTestMethods(TestMethodWorker.java:127)
	at org.testng.internal.TestMethodWorker.run(TestMethodWorker.java:111)
	at org.testng.TestRunner.privateRun(TestRunner.java:767)
	at org.testng.TestRunner.run(TestRunner.java:617)
	at org.testng.SuiteRunner.runTest(SuiteRunner.java:334)
	at org.testng.SuiteRunner.runSequentially(SuiteRunner.java:329)
	at org.testng.SuiteRunner.privateRun(SuiteRunner.java:291)
	at org.testng.SuiteRunner.run(SuiteRunner.java:240)
	at org.testng.SuiteRunnerWorker.runSuite(SuiteRunnerWorker.java:52)
	at org.testng.SuiteRunnerWorker.run(SuiteRunnerWorker.java:86)
	at org.testng.TestNG.runSuitesSequentially(TestNG.java:1224)
	at org.testng.TestNG.runSuitesLocally(TestNG.java:1149)
	at org.testng.TestNG.run(TestNG.java:1057)
	at org.apache.maven.surefire.testng.TestNGExecutor.run(TestNGExecutor.java:62)
	at org.apache.maven.surefire.testng.TestNGDirectoryTestSuite.execute(TestNGDirectoryTestSuite.java:141)
	at org.apache.maven.surefire.Surefire.run(Surefire.java:177)
	at sun.reflect.NativeMethodAccessorImpl.invoke0(Native Method)
	at sun.reflect.NativeMethodAccessorImpl.invoke(NativeMethodAccessorImpl.java:57)
	at sun.reflect.DelegatingMethodAccessorImpl.invoke(DelegatingMethodAccessorImpl.java:43)
	at java.lang.reflect.Method.invoke(Method.java:606)
	at org.apache.maven.surefire.booter.SurefireBooter.runSuitesInProcess(SurefireBooter.java:345)
	at org.apache.maven.surefire.booter.SurefireBooter.main(SurefireBooter.java:1009)
]]>
            </full-stacktrace>
          </exception> <!-- com.triage.rulehelpers.ProbableSqlInjectionException -->
          <reporter-output>
          </reporter-output>
        </test-method> <!-- testNormalDynamicSqlInvalid -->
        <test-method status="PASS" signature="setUpMethod()[pri:0, instance:com.triage.sqlgoat.tests.SimpleSqlInjectionTest@2723a510]" name="setUpMethod" is-config="true" duration-ms="138" started-at="2014-09-27T17:20:58Z" finished-at="2014-09-27T17:20:58Z">
          <reporter-output>
          </reporter-output>
        </test-method> <!-- setUpMethod -->
        <test-method status="PASS" signature="testNormalDynamicSqlValid()[pri:0, instance:com.triage.sqlgoat.tests.SimpleSqlInjectionTest@2723a510]" name="testNormalDynamicSqlValid" duration-ms="296" started-at="2014-09-27T17:20:58Z" finished-at="2014-09-27T17:20:58Z">
          <exception class="com.triage.rulehelpers.DynamicSqlException">
            <message>
              <![CDATA[Suspected Dynamic Sql: site='select * from users where id = 3',sql='Stack trace for thread main
org.hsqldb.jdbc.JDBCConnection.prepareStatement (Unknown Source)
org.apache.commons.dbutils.AbstractQueryRunner.prepareStatement(AbstractQueryRunner.java:154)
org.apache.commons.dbutils.QueryRunner.query(QueryRunner.java:345)
org.apache.commons.dbutils.QueryRunner.query(QueryRunner.java:307)
com.triage.sqlgoat.database.BasicDynamic.listUsers(BasicDynamic.java:27)
com.triage.sqlgoat.tests.SimpleSqlInjectionTest.listUsersForParameters(SimpleSqlInjectionTest.java:40)
com.triage.sqlgoat.tests.SimpleSqlInjectionTest.testNormalDynamicSqlValid(SimpleSqlInjectionTest.java:60)
sun.reflect.NativeMethodAccessorImpl.invoke0(NativeMethodAccessorImpl.java:-2)
sun.reflect.NativeMethodAccessorImpl.invoke(NativeMethodAccessorImpl.java:57)
sun.reflect.DelegatingMethodAccessorImpl.invoke(DelegatingMethodAccessorImpl.java:43)
java.lang.reflect.Method.invoke(Method.java:606)
org.testng.internal.MethodInvocationHelper.invokeMethod(MethodInvocationHelper.java:84)
org.testng.internal.MethodInvocationHelper$1.runTestMethod(MethodInvocationHelper.java:200)
org.jboss.byteman.contrib.bmunit.BMNGAbstractRunner.run(BMNGAbstractRunner.java:56)
sun.reflect.NativeMethodAccessorImpl.invoke0(NativeMethodAccessorImpl.java:-2)
sun.reflect.NativeMethodAccessorImpl.invoke(NativeMethodAccessorImpl.java:57)
sun.reflect.DelegatingMethodAccessorImpl.invoke(DelegatingMethodAccessorImpl.java:43)
java.lang.reflect.Method.invoke(Method.java:606)
org.testng.internal.MethodInvocationHelper.invokeHookable(MethodInvocationHelper.java:212)
org.testng.internal.Invoker.invokeMethod(Invoker.java:707)
org.testng.internal.Invoker.invokeTestMethod(Invoker.java:901)
org.testng.internal.Invoker.invokeTestMethods(Invoker.java:1231)
org.testng.internal.TestMethodWorker.invokeTestMethods(TestMethodWorker.java:127)
org.testng.internal.TestMethodWorker.run(TestMethodWorker.java:111)
org.testng.TestRunner.privateRun(TestRunner.java:767)
org.testng.TestRunner.run(TestRunner.java:617)
org.testng.SuiteRunner.runTest(SuiteRunner.java:334)
org.testng.SuiteRunner.runSequentially(SuiteRunner.java:329)
org.testng.SuiteRunner.privateRun(SuiteRunner.java:291)
org.testng.SuiteRunner.run(SuiteRunner.java:240)
org.testng.SuiteRunnerWorker.runSuite(SuiteRunnerWorker.java:52)
org.testng.SuiteRunnerWorker.run(SuiteRunnerWorker.java:86)
org.testng.TestNG.runSuitesSequentially(TestNG.java:1224)
org.testng.TestNG.runSuitesLocally(TestNG.java:1149)
org.testng.TestNG.run(TestNG.java:1057)
org.apache.maven.surefire.testng.TestNGExecutor.run(TestNGExecutor.java:62)
org.apache.maven.surefire.testng.TestNGDirectoryTestSuite.execute(TestNGDirectoryTestSuite.java:141)
org.apache.maven.surefire.Surefire.run(Surefire.java:177)
sun.reflect.NativeMethodAccessorImpl.invoke0(NativeMethodAccessorImpl.java:-2)
sun.reflect.NativeMethodAccessorImpl.invoke(NativeMethodAccessorImpl.java:57)
sun.reflect.DelegatingMethodAccessorImpl.invoke(DelegatingMethodAccessorImpl.java:43)
java.lang.reflect.Method.invoke(Method.java:606)
org.apache.maven.surefire.booter.SurefireBooter.runSuitesInProcess(SurefireBooter.java:345)
org.apache.maven.surefire.booter.SurefireBooter.main(SurefireBooter.java:1009)
']]>
            </message>
            <full-stacktrace>
              <![CDATA[com.triage.rulehelpers.DynamicSqlException: Suspected Dynamic Sql: site='select * from users where id = 3',sql='Stack trace for thread main
org.hsqldb.jdbc.JDBCConnection.prepareStatement (Unknown Source)
org.apache.commons.dbutils.AbstractQueryRunner.prepareStatement(AbstractQueryRunner.java:154)
org.apache.commons.dbutils.QueryRunner.query(QueryRunner.java:345)
org.apache.commons.dbutils.QueryRunner.query(QueryRunner.java:307)
com.triage.sqlgoat.database.BasicDynamic.listUsers(BasicDynamic.java:27)
com.triage.sqlgoat.tests.SimpleSqlInjectionTest.listUsersForParameters(SimpleSqlInjectionTest.java:40)
com.triage.sqlgoat.tests.SimpleSqlInjectionTest.testNormalDynamicSqlValid(SimpleSqlInjectionTest.java:60)
sun.reflect.NativeMethodAccessorImpl.invoke0(NativeMethodAccessorImpl.java:-2)
sun.reflect.NativeMethodAccessorImpl.invoke(NativeMethodAccessorImpl.java:57)
sun.reflect.DelegatingMethodAccessorImpl.invoke(DelegatingMethodAccessorImpl.java:43)
java.lang.reflect.Method.invoke(Method.java:606)
org.testng.internal.MethodInvocationHelper.invokeMethod(MethodInvocationHelper.java:84)
org.testng.internal.MethodInvocationHelper$1.runTestMethod(MethodInvocationHelper.java:200)
org.jboss.byteman.contrib.bmunit.BMNGAbstractRunner.run(BMNGAbstractRunner.java:56)
sun.reflect.NativeMethodAccessorImpl.invoke0(NativeMethodAccessorImpl.java:-2)
sun.reflect.NativeMethodAccessorImpl.invoke(NativeMethodAccessorImpl.java:57)
sun.reflect.DelegatingMethodAccessorImpl.invoke(DelegatingMethodAccessorImpl.java:43)
java.lang.reflect.Method.invoke(Method.java:606)
org.testng.internal.MethodInvocationHelper.invokeHookable(MethodInvocationHelper.java:212)
org.testng.internal.Invoker.invokeMethod(Invoker.java:707)
org.testng.internal.Invoker.invokeTestMethod(Invoker.java:901)
org.testng.internal.Invoker.invokeTestMethods(Invoker.java:1231)
org.testng.internal.TestMethodWorker.invokeTestMethods(TestMethodWorker.java:127)
org.testng.internal.TestMethodWorker.run(TestMethodWorker.java:111)
org.testng.TestRunner.privateRun(TestRunner.java:767)
org.testng.TestRunner.run(TestRunner.java:617)
org.testng.SuiteRunner.runTest(SuiteRunner.java:334)
org.testng.SuiteRunner.runSequentially(SuiteRunner.java:329)
org.testng.SuiteRunner.privateRun(SuiteRunner.java:291)
org.testng.SuiteRunner.run(SuiteRunner.java:240)
org.testng.SuiteRunnerWorker.runSuite(SuiteRunnerWorker.java:52)
org.testng.SuiteRunnerWorker.run(SuiteRunnerWorker.java:86)
org.testng.TestNG.runSuitesSequentially(TestNG.java:1224)
org.testng.TestNG.runSuitesLocally(TestNG.java:1149)
org.testng.TestNG.run(TestNG.java:1057)
org.apache.maven.surefire.testng.TestNGExecutor.run(TestNGExecutor.java:62)
org.apache.maven.surefire.testng.TestNGDirectoryTestSuite.execute(TestNGDirectoryTestSuite.java:141)
org.apache.maven.surefire.Surefire.run(Surefire.java:177)
sun.reflect.NativeMethodAccessorImpl.invoke0(NativeMethodAccessorImpl.java:-2)
sun.reflect.NativeMethodAccessorImpl.invoke(NativeMethodAccessorImpl.java:57)
sun.reflect.DelegatingMethodAccessorImpl.invoke(DelegatingMethodAccessorImpl.java:43)
java.lang.reflect.Method.invoke(Method.java:606)
org.apache.maven.surefire.booter.SurefireBooter.runSuitesInProcess(SurefireBooter.java:345)
org.apache.maven.surefire.booter.SurefireBooter.main(SurefireBooter.java:1009)
'
	at com.triage.injection.SqlTracker.checkSql(SqlTracker.java:55)
	at com.triage.rulehelpers.TraceMatchingHelper.testSql(TraceMatchingHelper.java:28)
	at sun.reflect.NativeMethodAccessorImpl.invoke0(Native Method)
	at sun.reflect.NativeMethodAccessorImpl.invoke(NativeMethodAccessorImpl.java:57)
	at sun.reflect.DelegatingMethodAccessorImpl.invoke(DelegatingMethodAccessorImpl.java:43)
	at java.lang.reflect.Method.invoke(Method.java:606)
	at org.jboss.byteman.rule.expression.MethodExpression.interpret(MethodExpression.java:342)
	at org.jboss.byteman.rule.Action.interpret(Action.java:144)
	at com.triage.rulehelpers.TraceMatchingHelper_HelperAdapter_Interpreted_4.fire(injectionDetector.btm)
	at com.triage.rulehelpers.TraceMatchingHelper_HelperAdapter_Interpreted_4.execute0(injectionDetector.btm)
	at com.triage.rulehelpers.TraceMatchingHelper_HelperAdapter_Interpreted_4.execute(injectionDetector.btm)
	at org.jboss.byteman.rule.Rule.execute(Rule.java:684)
	at org.jboss.byteman.rule.Rule.execute(Rule.java:653)
	at org.hsqldb.jdbc.JDBCConnection.prepareStatement(Unknown Source)
	at org.apache.commons.dbutils.AbstractQueryRunner.prepareStatement(AbstractQueryRunner.java:154)
	at org.apache.commons.dbutils.QueryRunner.query(QueryRunner.java:345)
	at org.apache.commons.dbutils.QueryRunner.query(QueryRunner.java:307)
	at com.triage.sqlgoat.database.BasicDynamic.listUsers(BasicDynamic.java:27)
	at com.triage.sqlgoat.tests.SimpleSqlInjectionTest.listUsersForParameters(SimpleSqlInjectionTest.java:40)
	at com.triage.sqlgoat.tests.SimpleSqlInjectionTest.testNormalDynamicSqlValid(SimpleSqlInjectionTest.java:60)
	at sun.reflect.NativeMethodAccessorImpl.invoke0(Native Method)
	at sun.reflect.NativeMethodAccessorImpl.invoke(NativeMethodAccessorImpl.java:57)
	at sun.reflect.DelegatingMethodAccessorImpl.invoke(DelegatingMethodAccessorImpl.java:43)
	at java.lang.reflect.Method.invoke(Method.java:606)
	at org.testng.internal.MethodInvocationHelper.invokeMethod(MethodInvocationHelper.java:84)
	at org.testng.internal.MethodInvocationHelper$1.runTestMethod(MethodInvocationHelper.java:200)
	at org.jboss.byteman.contrib.bmunit.BMNGAbstractRunner.run(BMNGAbstractRunner.java:56)
	at sun.reflect.NativeMethodAccessorImpl.invoke0(Native Method)
	at sun.reflect.NativeMethodAccessorImpl.invoke(NativeMethodAccessorImpl.java:57)
	at sun.reflect.DelegatingMethodAccessorImpl.invoke(DelegatingMethodAccessorImpl.java:43)
	at java.lang.reflect.Method.invoke(Method.java:606)
	at org.testng.internal.MethodInvocationHelper.invokeHookable(MethodInvocationHelper.java:212)
	at org.testng.internal.Invoker.invokeMethod(Invoker.java:707)
	at org.testng.internal.Invoker.invokeTestMethod(Invoker.java:901)
	at org.testng.internal.Invoker.invokeTestMethods(Invoker.java:1231)
	at org.testng.internal.TestMethodWorker.invokeTestMethods(TestMethodWorker.java:127)
	at org.testng.internal.TestMethodWorker.run(TestMethodWorker.java:111)
	at org.testng.TestRunner.privateRun(TestRunner.java:767)
	at org.testng.TestRunner.run(TestRunner.java:617)
	at org.testng.SuiteRunner.runTest(SuiteRunner.java:334)
	at org.testng.SuiteRunner.runSequentially(SuiteRunner.java:329)
	at org.testng.SuiteRunner.privateRun(SuiteRunner.java:291)
	at org.testng.SuiteRunner.run(SuiteRunner.java:240)
	at org.testng.SuiteRunnerWorker.runSuite(SuiteRunnerWorker.java:52)
	at org.testng.SuiteRunnerWorker.run(SuiteRunnerWorker.java:86)
	at org.testng.TestNG.runSuitesSequentially(TestNG.java:1224)
	at org.testng.TestNG.runSuitesLocally(TestNG.java:1149)
	at org.testng.TestNG.run(TestNG.java:1057)
	at org.apache.maven.surefire.testng.TestNGExecutor.run(TestNGExecutor.java:62)
	at org.apache.maven.surefire.testng.TestNGDirectoryTestSuite.execute(TestNGDirectoryTestSuite.java:141)
	at org.apache.maven.surefire.Surefire.run(Surefire.java:177)
	at sun.reflect.NativeMethodAccessorImpl.invoke0(Native Method)
	at sun.reflect.NativeMethodAccessorImpl.invoke(NativeMethodAccessorImpl.java:57)
	at sun.reflect.DelegatingMethodAccessorImpl.invoke(DelegatingMethodAccessorImpl.java:43)
	at java.lang.reflect.Method.invoke(Method.java:606)
	at org.apache.maven.surefire.booter.SurefireBooter.runSuitesInProcess(SurefireBooter.java:345)
	at org.apache.maven.surefire.booter.SurefireBooter.main(SurefireBooter.java:1009)
]]>
            </full-stacktrace>
          </exception> <!-- com.triage.rulehelpers.DynamicSqlException -->
          <reporter-output>
          </reporter-output>
        </test-method> <!-- testNormalDynamicSqlValid -->
        <test-method status="PASS" signature="setUpMethod()[pri:0, instance:com.triage.sqlgoat.tests.SimpleSqlInjectionTest@2723a510]" name="setUpMethod" is-config="true" duration-ms="124" started-at="2014-09-27T17:20:58Z" finished-at="2014-09-27T17:20:58Z">
          <reporter-output>
          </reporter-output>
        </test-method> <!-- setUpMethod -->
        <test-method status="PASS" signature="testNormalPreparedStatements()[pri:0, instance:com.triage.sqlgoat.tests.SimpleSqlInjectionTest@2723a510]" name="testNormalPreparedStatements" duration-ms="233" started-at="2014-09-27T17:20:58Z" finished-at="2014-09-27T17:20:58Z">
          <reporter-output>
          </reporter-output>
        </test-method> <!-- testNormalPreparedStatements -->
      </class> <!-- com.triage.sqlgoat.tests.SimpleSqlInjectionTest -->
      <class name="com.triage.sqlgoat.tests.TestCleaningStrategies">
        <test-method status="PASS" signature="testHtmlXssClean()[pri:0, instance:com.triage.sqlgoat.tests.TestCleaningStrategies@10588116]" name="testHtmlXssClean" duration-ms="554" started-at="2014-09-27T17:20:59Z" finished-at="2014-09-27T17:21:00Z">
          <reporter-output>
          </reporter-output>
        </test-method> <!-- testHtmlXssClean -->
        <test-method status="PASS" signature="testJsonBadClean()[pri:0, instance:com.triage.sqlgoat.tests.TestCleaningStrategies@10588116]" name="testJsonBadClean" duration-ms="12" started-at="2014-09-27T17:21:00Z" finished-at="2014-09-27T17:21:00Z">
          <reporter-output>
          </reporter-output>
        </test-method> <!-- testJsonBadClean -->
        <test-method status="PASS" signature="testJsonClean()[pri:0, instance:com.triage.sqlgoat.tests.TestCleaningStrategies@10588116]" name="testJsonClean" duration-ms="1" started-at="2014-09-27T17:21:00Z" finished-at="2014-09-27T17:21:00Z">
          <reporter-output>
          </reporter-output>
        </test-method> <!-- testJsonClean -->
      </class> <!-- com.triage.sqlgoat.tests.TestCleaningStrategies -->
      <class name="com.triage.sqlgoat.tests.TestServletXss">
        <test-method status="PASS" signature="setupServlet()[pri:0, instance:com.triage.sqlgoat.tests.TestServletXss@49f66dc1]" name="setupServlet" is-config="true" duration-ms="1047" started-at="2014-09-27T17:21:00Z" finished-at="2014-09-27T17:21:01Z">
          <reporter-output>
          </reporter-output>
        </test-method> <!-- setupServlet -->
        <test-method status="PASS" signature="testBasicInjection()[pri:0, instance:com.triage.sqlgoat.tests.TestServletXss@49f66dc1]" name="testBasicInjection" duration-ms="235" started-at="2014-09-27T17:21:01Z" finished-at="2014-09-27T17:21:01Z">
          <reporter-output>
          </reporter-output>
        </test-method> <!-- testBasicInjection -->
        <test-method status="PASS" signature="tearDown()[pri:0, instance:com.triage.sqlgoat.tests.TestServletXss@49f66dc1]" name="tearDown" is-config="true" duration-ms="56" started-at="2014-09-27T17:21:01Z" finished-at="2014-09-27T17:21:01Z">
          <reporter-output>
          </reporter-output>
        </test-method> <!-- tearDown -->
        <test-method status="PASS" signature="setupServlet()[pri:0, instance:com.triage.sqlgoat.tests.TestServletXss@49f66dc1]" name="setupServlet" is-config="true" duration-ms="23" started-at="2014-09-27T17:21:01Z" finished-at="2014-09-27T17:21:01Z">
          <reporter-output>
          </reporter-output>
        </test-method> <!-- setupServlet -->
        <test-method status="PASS" signature="testNoInjection()[pri:0, instance:com.triage.sqlgoat.tests.TestServletXss@49f66dc1]" name="testNoInjection" duration-ms="3" started-at="2014-09-27T17:21:01Z" finished-at="2014-09-27T17:21:01Z">
          <reporter-output>
          </reporter-output>
        </test-method> <!-- testNoInjection -->
        <test-method status="PASS" signature="tearDown()[pri:0, instance:com.triage.sqlgoat.tests.TestServletXss@49f66dc1]" name="tearDown" is-config="true" duration-ms="54" started-at="2014-09-27T17:21:01Z" finished-at="2014-09-27T17:21:01Z">
          <reporter-output>
          </reporter-output>
        </test-method> <!-- tearDown -->
        <test-method status="PASS" signature="setupServlet()[pri:0, instance:com.triage.sqlgoat.tests.TestServletXss@49f66dc1]" name="setupServlet" is-config="true" duration-ms="24" started-at="2014-09-27T17:21:01Z" finished-at="2014-09-27T17:21:01Z">
          <reporter-output>
          </reporter-output>
        </test-method> <!-- setupServlet -->
        <test-method status="PASS" signature="testXssProtection()[pri:0, instance:com.triage.sqlgoat.tests.TestServletXss@49f66dc1]" name="testXssProtection" duration-ms="297" started-at="2014-09-27T17:21:01Z" finished-at="2014-09-27T17:21:02Z">
          <reporter-output>
          </reporter-output>
        </test-method> <!-- testXssProtection -->
        <test-method status="PASS" signature="tearDown()[pri:0, instance:com.triage.sqlgoat.tests.TestServletXss@49f66dc1]" name="tearDown" is-config="true" duration-ms="52" started-at="2014-09-27T17:21:02Z" finished-at="2014-09-27T17:21:02Z">
          <reporter-output>
          </reporter-output>
        </test-method> <!-- tearDown -->
      </class> <!-- com.triage.sqlgoat.tests.TestServletXss -->
      <class name="com.triage.sqlgoat.tests.NormalExecutionTest">
        <test-method status="PASS" signature="setUpMethod()[pri:0, instance:com.triage.sqlgoat.tests.NormalExecutionTest@3b1aed57]" name="setUpMethod" is-config="true" duration-ms="983" started-at="2014-09-27T17:20:54Z" finished-at="2014-09-27T17:20:55Z">
          <reporter-output>
          </reporter-output>
        </test-method> <!-- setUpMethod -->
        <test-method status="PASS" signature="testBasicBad()[pri:0, instance:com.triage.sqlgoat.tests.NormalExecutionTest@3b1aed57]" name="testBasicBad" duration-ms="45" started-at="2014-09-27T17:20:55Z" finished-at="2014-09-27T17:20:55Z">
          <reporter-output>
          </reporter-output>
        </test-method> <!-- testBasicBad -->
        <test-method status="PASS" signature="setUpMethod()[pri:0, instance:com.triage.sqlgoat.tests.NormalExecutionTest@3b1aed57]" name="setUpMethod" is-config="true" duration-ms="56" started-at="2014-09-27T17:20:55Z" finished-at="2014-09-27T17:20:55Z">
          <reporter-output>
          </reporter-output>
        </test-method> <!-- setUpMethod -->
        <test-method status="PASS" signature="testSetup()[pri:0, instance:com.triage.sqlgoat.tests.NormalExecutionTest@3b1aed57]" name="testSetup" duration-ms="0" started-at="2014-09-27T17:20:55Z" finished-at="2014-09-27T17:20:55Z">
          <reporter-output>
          </reporter-output>
        </test-method> <!-- testSetup -->
      </class> <!-- com.triage.sqlgoat.tests.NormalExecutionTest -->
      <class name="com.triage.sqlgoat.tests.TestBytemanScaffold">
        <test-method status="PASS" signature="testBytemanRuleFromFile()[pri:0, instance:com.triage.sqlgoat.tests.TestBytemanScaffold@29f10c35]" name="testBytemanRuleFromFile" duration-ms="80" started-at="2014-09-27T17:20:59Z" finished-at="2014-09-27T17:20:59Z">
          <exception class="java.lang.RuntimeException">
            <message>
              <![CDATA[worked]]>
            </message>
            <full-stacktrace>
              <![CDATA[java.lang.RuntimeException: worked
	at sun.reflect.NativeConstructorAccessorImpl.newInstance0(Native Method)
	at sun.reflect.NativeConstructorAccessorImpl.newInstance(NativeConstructorAccessorImpl.java:57)
	at sun.reflect.DelegatingConstructorAccessorImpl.newInstance(DelegatingConstructorAccessorImpl.java:45)
	at java.lang.reflect.Constructor.newInstance(Constructor.java:526)
	at org.jboss.byteman.rule.expression.ThrowExpression.interpret(ThrowExpression.java:231)
	at org.jboss.byteman.rule.Action.interpret(Action.java:144)
	at org.jboss.byteman.rule.helper.InterpretedHelper.fire(InterpretedHelper.java:169)
	at org.jboss.byteman.rule.helper.InterpretedHelper.execute0(InterpretedHelper.java:137)
	at org.jboss.byteman.rule.helper.InterpretedHelper.execute(InterpretedHelper.java:100)
	at org.jboss.byteman.rule.Rule.execute(Rule.java:684)
	at org.jboss.byteman.rule.Rule.execute(Rule.java:653)
	at java.util.TimeZone.getDisplayName(TimeZone.java)
	at com.triage.sqlgoat.tests.TestBytemanScaffold.testBytemanRuleFromFile(TestBytemanScaffold.java:41)
	at sun.reflect.NativeMethodAccessorImpl.invoke0(Native Method)
	at sun.reflect.NativeMethodAccessorImpl.invoke(NativeMethodAccessorImpl.java:57)
	at sun.reflect.DelegatingMethodAccessorImpl.invoke(DelegatingMethodAccessorImpl.java:43)
	at java.lang.reflect.Method.invoke(Method.java:606)
	at org.testng.internal.MethodInvocationHelper.invokeMethod(MethodInvocationHelper.java:84)
	at org.testng.internal.MethodInvocationHelper$1.runTestMethod(MethodInvocationHelper.java:200)
	at org.jboss.byteman.contrib.bmunit.BMNGAbstractRunner.run(BMNGAbstractRunner.java:56)
	at sun.reflect.NativeMethodAccessorImpl.invoke0(Native Method)
	at sun.reflect.NativeMethodAccessorImpl.invoke(NativeMethodAccessorImpl.java:57)
	at sun.reflect.DelegatingMethodAccessorImpl.invoke(DelegatingMethodAccessorImpl.java:43)
	at java.lang.reflect.Method.invoke(Method.java:606)
	at org.testng.internal.MethodInvocationHelper.invokeHookable(MethodInvocationHelper.java:212)
	at org.testng.internal.Invoker.invokeMethod(Invoker.java:707)
	at org.testng.internal.Invoker.invokeTestMethod(Invoker.java:901)
	at org.testng.internal.Invoker.invokeTestMethods(Invoker.java:1231)
	at org.testng.internal.TestMethodWorker.invokeTestMethods(TestMethodWorker.java:127)
	at org.testng.internal.TestMethodWorker.run(TestMethodWorker.java:111)
	at org.testng.TestRunner.privateRun(TestRunner.java:767)
	at org.testng.TestRunner.run(TestRunner.java:617)
	at org.testng.SuiteRunner.runTest(SuiteRunner.java:334)
	at org.testng.SuiteRunner.runSequentially(SuiteRunner.java:329)
	at org.testng.SuiteRunner.privateRun(SuiteRunner.java:291)
	at org.testng.SuiteRunner.run(SuiteRunner.java:240)
	at org.testng.SuiteRunnerWorker.runSuite(SuiteRunnerWorker.java:52)
	at org.testng.SuiteRunnerWorker.run(SuiteRunnerWorker.java:86)
	at org.testng.TestNG.runSuitesSequentially(TestNG.java:1224)
	at org.testng.TestNG.runSuitesLocally(TestNG.java:1149)
	at org.testng.TestNG.run(TestNG.java:1057)
	at org.apache.maven.surefire.testng.TestNGExecutor.run(TestNGExecutor.java:62)
	at org.apache.maven.surefire.testng.TestNGDirectoryTestSuite.execute(TestNGDirectoryTestSuite.java:141)
	at org.apache.maven.surefire.Surefire.run(Surefire.java:177)
	at sun.reflect.NativeMethodAccessorImpl.invoke0(Native Method)
	at sun.reflect.NativeMethodAccessorImpl.invoke(NativeMethodAccessorImpl.java:57)
	at sun.reflect.DelegatingMethodAccessorImpl.invoke(DelegatingMethodAccessorImpl.java:43)
	at java.lang.reflect.Method.invoke(Method.java:606)
	at org.apache.maven.surefire.booter.SurefireBooter.runSuitesInProcess(SurefireBooter.java:345)
	at org.apache.maven.surefire.booter.SurefireBooter.main(SurefireBooter.java:1009)
]]>
            </full-stacktrace>
          </exception> <!-- java.lang.RuntimeException -->
          <reporter-output>
          </reporter-output>
        </test-method> <!-- testBytemanRuleFromFile -->
        <test-method status="PASS" signature="testBytemanRuleFromFileWithHelper()[pri:0, instance:com.triage.sqlgoat.tests.TestBytemanScaffold@29f10c35]" name="testBytemanRuleFromFileWithHelper" duration-ms="76" started-at="2014-09-27T17:20:59Z" finished-at="2014-09-27T17:20:59Z">
          <reporter-output>
          </reporter-output>
        </test-method> <!-- testBytemanRuleFromFileWithHelper -->
        <test-method status="PASS" signature="testInlineBytemanRule()[pri:0, instance:com.triage.sqlgoat.tests.TestBytemanScaffold@29f10c35]" name="testInlineBytemanRule" duration-ms="67" started-at="2014-09-27T17:20:59Z" finished-at="2014-09-27T17:20:59Z">
          <exception class="java.lang.RuntimeException">
            <message>
              <![CDATA[ha ha]]>
            </message>
            <full-stacktrace>
              <![CDATA[java.lang.RuntimeException: ha ha
	at sun.reflect.NativeConstructorAccessorImpl.newInstance0(Native Method)
	at sun.reflect.NativeConstructorAccessorImpl.newInstance(NativeConstructorAccessorImpl.java:57)
	at sun.reflect.DelegatingConstructorAccessorImpl.newInstance(DelegatingConstructorAccessorImpl.java:45)
	at java.lang.reflect.Constructor.newInstance(Constructor.java:526)
	at org.jboss.byteman.rule.expression.ThrowExpression.interpret(ThrowExpression.java:231)
	at org.jboss.byteman.rule.Action.interpret(Action.java:144)
	at org.jboss.byteman.rule.helper.InterpretedHelper.fire(InterpretedHelper.java:169)
	at org.jboss.byteman.rule.helper.InterpretedHelper.execute0(InterpretedHelper.java:137)
	at org.jboss.byteman.rule.helper.InterpretedHelper.execute(InterpretedHelper.java:100)
	at org.jboss.byteman.rule.Rule.execute(Rule.java:684)
	at org.jboss.byteman.rule.Rule.execute(Rule.java:653)
	at java.util.TimeZone.getDisplayName(TimeZone.java)
	at com.triage.sqlgoat.tests.TestBytemanScaffold.testInlineBytemanRule(TestBytemanScaffold.java:35)
	at sun.reflect.NativeMethodAccessorImpl.invoke0(Native Method)
	at sun.reflect.NativeMethodAccessorImpl.invoke(NativeMethodAccessorImpl.java:57)
	at sun.reflect.DelegatingMethodAccessorImpl.invoke(DelegatingMethodAccessorImpl.java:43)
	at java.lang.reflect.Method.invoke(Method.java:606)
	at org.testng.internal.MethodInvocationHelper.invokeMethod(MethodInvocationHelper.java:84)
	at org.testng.internal.MethodInvocationHelper$1.runTestMethod(MethodInvocationHelper.java:200)
	at org.jboss.byteman.contrib.bmunit.BMNGAbstractRunner.run(BMNGAbstractRunner.java:56)
	at sun.reflect.NativeMethodAccessorImpl.invoke0(Native Method)
	at sun.reflect.NativeMethodAccessorImpl.invoke(NativeMethodAccessorImpl.java:57)
	at sun.reflect.DelegatingMethodAccessorImpl.invoke(DelegatingMethodAccessorImpl.java:43)
	at java.lang.reflect.Method.invoke(Method.java:606)
	at org.testng.internal.MethodInvocationHelper.invokeHookable(MethodInvocationHelper.java:212)
	at org.testng.internal.Invoker.invokeMethod(Invoker.java:707)
	at org.testng.internal.Invoker.invokeTestMethod(Invoker.java:901)
	at org.testng.internal.Invoker.invokeTestMethods(Invoker.java:1231)
	at org.testng.internal.TestMethodWorker.invokeTestMethods(TestMethodWorker.java:127)
	at org.testng.internal.TestMethodWorker.run(TestMethodWorker.java:111)
	at org.testng.TestRunner.privateRun(TestRunner.java:767)
	at org.testng.TestRunner.run(TestRunner.java:617)
	at org.testng.SuiteRunner.runTest(SuiteRunner.java:334)
	at org.testng.SuiteRunner.runSequentially(SuiteRunner.java:329)
	at org.testng.SuiteRunner.privateRun(SuiteRunner.java:291)
	at org.testng.SuiteRunner.run(SuiteRunner.java:240)
	at org.testng.SuiteRunnerWorker.runSuite(SuiteRunnerWorker.java:52)
	at org.testng.SuiteRunnerWorker.run(SuiteRunnerWorker.java:86)
	at org.testng.TestNG.runSuitesSequentially(TestNG.java:1224)
	at org.testng.TestNG.runSuitesLocally(TestNG.java:1149)
	at org.testng.TestNG.run(TestNG.java:1057)
	at org.apache.maven.surefire.testng.TestNGExecutor.run(TestNGExecutor.java:62)
	at org.apache.maven.surefire.testng.TestNGDirectoryTestSuite.execute(TestNGDirectoryTestSuite.java:141)
	at org.apache.maven.surefire.Surefire.run(Surefire.java:177)
	at sun.reflect.NativeMethodAccessorImpl.invoke0(Native Method)
	at sun.reflect.NativeMethodAccessorImpl.invoke(NativeMethodAccessorImpl.java:57)
	at sun.reflect.DelegatingMethodAccessorImpl.invoke(DelegatingMethodAccessorImpl.java:43)
	at java.lang.reflect.Method.invoke(Method.java:606)
	at org.apache.maven.surefire.booter.SurefireBooter.runSuitesInProcess(SurefireBooter.java:345)
	at org.apache.maven.surefire.booter.SurefireBooter.main(SurefireBooter.java:1009)
]]>
            </full-stacktrace>
          </exception> <!-- java.lang.RuntimeException -->
          <reporter-output>
          </reporter-output>
        </test-method> <!-- testInlineBytemanRule -->
        <test-method status="PASS" signature="testNoMods()[pri:0, instance:com.triage.sqlgoat.tests.TestBytemanScaffold@29f10c35]" name="testNoMods" duration-ms="11" started-at="2014-09-27T17:20:59Z" finished-at="2014-09-27T17:20:59Z">
          <reporter-output>
          </reporter-output>
        </test-method> <!-- testNoMods -->
      </class> <!-- com.triage.sqlgoat.tests.TestBytemanScaffold -->
      <class name="com.triage.learning.tests.TestVariableOverriding">
        <test-method status="PASS" signature="testNoOverride()[pri:0, instance:com.triage.learning.tests.TestVariableOverriding@3fda8085]" name="testNoOverride" duration-ms="6" started-at="2014-09-27T17:21:02Z" finished-at="2014-09-27T17:21:02Z">
          <reporter-output>
          </reporter-output>
        </test-method> <!-- testNoOverride -->
        <test-method status="PASS" signature="testOverride()[pri:0, instance:com.triage.learning.tests.TestVariableOverriding@3fda8085]" name="testOverride" duration-ms="20" started-at="2014-09-27T17:21:02Z" finished-at="2014-09-27T17:21:02Z">
          <reporter-output>
          </reporter-output>
        </test-method> <!-- testOverride -->
      </class> <!-- com.triage.learning.tests.TestVariableOverriding -->
    </test> <!-- Command line test -->
  </suite> <!-- Command line suite -->
</testng-results>
